<?xml version="1.0" encoding="UTF-8" ?>
<testsuite errors="1" failures="0" hostname="PCR" name="lab8_kre17.GUIControllerTest" skipped="0" tests="1" time="0.081" timestamp="2022-09-17T15:12:26">
  <properties>
    <property name="libs.spring-framework300.classpath" value="G:\PortableApps\NetBeans_portable\netbeans\platform\modules\org-apache-commons-logging.jar;G:\PortableApps\NetBeans_portable\netbeans\java\modules\ext\cglib-2.2.jar;G:\PortableApps\NetBeans_portable\netbeans\java\modules\ext\spring-3.0\spring-aop-3.2.18.RELEASE.jar;G:\PortableApps\NetBeans_portable\netbeans\java\modules\ext\spring-3.0\spring-aspects-3.2.18.RELEASE.jar;G:\PortableApps\NetBeans_portable\netbeans\java\modules\ext\spring-3.0\spring-beans-3.2.18.RELEASE.jar;G:\PortableApps\NetBeans_portable\netbeans\java\modules\ext\spring-3.0\spring-context-3.2.18.RELEASE.jar;G:\PortableApps\NetBeans_portable\netbeans\java\modules\ext\spring-3.0\spring-context-support-3.2.18.RELEASE.jar;G:\PortableApps\NetBeans_portable\netbeans\java\modules\ext\spring-3.0\spring-core-3.2.18.RELEASE.jar;G:\PortableApps\NetBeans_portable\netbeans\java\modules\ext\spring-3.0\spring-expression-3.2.18.RELEASE.jar;G:\PortableApps\NetBeans_portable\netbeans\java\modules\ext\spring-3.0\spring-instrument-3.2.18.RELEASE.jar;G:\PortableApps\NetBeans_portable\netbeans\java\modules\ext\spring-3.0\spring-instrument-tomcat-3.2.18.RELEASE.jar;G:\PortableApps\NetBeans_portable\netbeans\java\modules\ext\spring-3.0\spring-jdbc-3.2.18.RELEASE.jar;G:\PortableApps\NetBeans_portable\netbeans\java\modules\ext\spring-3.0\spring-jms-3.2.18.RELEASE.jar;G:\PortableApps\NetBeans_portable\netbeans\java\modules\ext\spring-3.0\spring-orm-3.2.18.RELEASE.jar;G:\PortableApps\NetBeans_portable\netbeans\java\modules\ext\spring-3.0\spring-oxm-3.2.18.RELEASE.jar;G:\PortableApps\NetBeans_portable\netbeans\java\modules\ext\spring-3.0\spring-struts-3.2.18.RELEASE.jar;G:\PortableApps\NetBeans_portable\netbeans\java\modules\ext\spring-3.0\spring-test-3.2.18.RELEASE.jar;G:\PortableApps\NetBeans_portable\netbeans\java\modules\ext\spring-3.0\spring-tx-3.2.18.RELEASE.jar;G:\PortableApps\NetBeans_portable\netbeans\java\modules\ext\spring-3.0\spring-web-3.2.18.RELEASE.jar;G:\PortableApps\NetBeans_portable\netbeans\java\modules\ext\spring-3.0\spring-webmvc-3.2.18.RELEASE.jar;G:\PortableApps\NetBeans_portable\netbeans\java\modules\ext\spring-3.0\spring-webmvc-portlet-3.2.18.RELEASE.jar" />
    <property name="javac.test.classpath" value="F:\javafx-sdk-18.0.2\lib\javafx-swt.jar;F:\javafx-sdk-18.0.2\lib\javafx.base.jar;F:\javafx-sdk-18.0.2\lib\javafx.controls.jar;F:\javafx-sdk-18.0.2\lib\javafx.fxml.jar;F:\javafx-sdk-18.0.2\lib\javafx.graphics.jar;F:\javafx-sdk-18.0.2\lib\javafx.media.jar;F:\javafx-sdk-18.0.2\lib\javafx.swing.jar;F:\javafx-sdk-18.0.2\lib\javafx.web.jar:G:\PortableApps\NetBeans_portable\netbeans\platform\modules\ext\junit-4.13.2.jar:build/classes" />
    <property name="platforms.Custom11.home" value="C:\Program Files\Java\jdk-11.0.16.1" />
    <property name="java.specification.version" value="11" />
    <property name="libs.spring-framework500.classpath" value="G:\PortableApps\NetBeans_portable\netbeans\platform\modules\org-apache-commons-logging.jar;G:\PortableApps\NetBeans_portable\netbeans\java\modules\ext\cglib-2.2.jar;G:\PortableApps\NetBeans_portable\netbeans\java\modules\ext\spring-5\spring-aop-5.2.9.RELEASE.jar;G:\PortableApps\NetBeans_portable\netbeans\java\modules\ext\spring-5\spring-aspects-5.2.9.RELEASE.jar;G:\PortableApps\NetBeans_portable\netbeans\java\modules\ext\spring-5\spring-beans-5.2.9.RELEASE.jar;G:\PortableApps\NetBeans_portable\netbeans\java\modules\ext\spring-5\spring-context-5.2.9.RELEASE.jar;G:\PortableApps\NetBeans_portable\netbeans\java\modules\ext\spring-5\spring-context-indexer-5.2.9.RELEASE.jar;G:\PortableApps\NetBeans_portable\netbeans\java\modules\ext\spring-5\spring-context-support-5.2.9.RELEASE.jar;G:\PortableApps\NetBeans_portable\netbeans\java\modules\ext\spring-5\spring-core-5.2.9.RELEASE.jar;G:\PortableApps\NetBeans_portable\netbeans\java\modules\ext\spring-5\spring-expression-5.2.9.RELEASE.jar;G:\PortableApps\NetBeans_portable\netbeans\java\modules\ext\spring-5\spring-instrument-5.2.9.RELEASE.jar;G:\PortableApps\NetBeans_portable\netbeans\java\modules\ext\spring-5\spring-jcl-5.2.9.RELEASE.jar;G:\PortableApps\NetBeans_portable\netbeans\java\modules\ext\spring-5\spring-jdbc-5.2.9.RELEASE.jar;G:\PortableApps\NetBeans_portable\netbeans\java\modules\ext\spring-5\spring-jms-5.2.9.RELEASE.jar;G:\PortableApps\NetBeans_portable\netbeans\java\modules\ext\spring-5\spring-messaging-5.2.9.RELEASE.jar;G:\PortableApps\NetBeans_portable\netbeans\java\modules\ext\spring-5\spring-orm-5.2.9.RELEASE.jar;G:\PortableApps\NetBeans_portable\netbeans\java\modules\ext\spring-5\spring-oxm-5.2.9.RELEASE.jar;G:\PortableApps\NetBeans_portable\netbeans\java\modules\ext\spring-5\spring-test-5.2.9.RELEASE.jar;G:\PortableApps\NetBeans_portable\netbeans\java\modules\ext\spring-5\spring-tx-5.2.9.RELEASE.jar;G:\PortableApps\NetBeans_portable\netbeans\java\modules\ext\spring-5\spring-web-5.2.9.RELEASE.jar;G:\PortableApps\NetBeans_portable\netbeans\java\modules\ext\spring-5\spring-webflux-5.2.9.RELEASE.jar;G:\PortableApps\NetBeans_portable\netbeans\java\modules\ext\spring-5\spring-webmvc-5.2.9.RELEASE.jar;G:\PortableApps\NetBeans_portable\netbeans\java\modules\ext\spring-5\spring-websocket-5.2.9.RELEASE.jar" />
    <property name="jar.index.metainf" value="false" />
    <property name="jnlp.signing.keystore" value="" />
    <property name="libs.spring-framework400.classpath" value="G:\PortableApps\NetBeans_portable\netbeans\platform\modules\org-apache-commons-logging.jar;G:\PortableApps\NetBeans_portable\netbeans\java\modules\ext\cglib-2.2.jar;G:\PortableApps\NetBeans_portable\netbeans\java\modules\ext\spring-4\spring-aop-4.3.29.RELEASE.jar;G:\PortableApps\NetBeans_portable\netbeans\java\modules\ext\spring-4\spring-aspects-4.3.29.RELEASE.jar;G:\PortableApps\NetBeans_portable\netbeans\java\modules\ext\spring-4\spring-beans-4.3.29.RELEASE.jar;G:\PortableApps\NetBeans_portable\netbeans\java\modules\ext\spring-4\spring-context-4.3.29.RELEASE.jar;G:\PortableApps\NetBeans_portable\netbeans\java\modules\ext\spring-4\spring-context-support-4.3.29.RELEASE.jar;G:\PortableApps\NetBeans_portable\netbeans\java\modules\ext\spring-4\spring-core-4.3.29.RELEASE.jar;G:\PortableApps\NetBeans_portable\netbeans\java\modules\ext\spring-4\spring-expression-4.3.29.RELEASE.jar;G:\PortableApps\NetBeans_portable\netbeans\java\modules\ext\spring-4\spring-instrument-4.3.29.RELEASE.jar;G:\PortableApps\NetBeans_portable\netbeans\java\modules\ext\spring-4\spring-instrument-tomcat-4.3.29.RELEASE.jar;G:\PortableApps\NetBeans_portable\netbeans\java\modules\ext\spring-4\spring-jdbc-4.3.29.RELEASE.jar;G:\PortableApps\NetBeans_portable\netbeans\java\modules\ext\spring-4\spring-jms-4.3.29.RELEASE.jar;G:\PortableApps\NetBeans_portable\netbeans\java\modules\ext\spring-4\spring-messaging-4.3.29.RELEASE.jar;G:\PortableApps\NetBeans_portable\netbeans\java\modules\ext\spring-4\spring-orm-4.3.29.RELEASE.jar;G:\PortableApps\NetBeans_portable\netbeans\java\modules\ext\spring-4\spring-oxm-4.3.29.RELEASE.jar;G:\PortableApps\NetBeans_portable\netbeans\java\modules\ext\spring-4\spring-test-4.3.29.RELEASE.jar;G:\PortableApps\NetBeans_portable\netbeans\java\modules\ext\spring-4\spring-tx-4.3.29.RELEASE.jar;G:\PortableApps\NetBeans_portable\netbeans\java\modules\ext\spring-4\spring-web-4.3.29.RELEASE.jar;G:\PortableApps\NetBeans_portable\netbeans\java\modules\ext\spring-4\spring-webmvc-4.3.29.RELEASE.jar;G:\PortableApps\NetBeans_portable\netbeans\java\modules\ext\spring-4\spring-webmvc-portlet-4.3.29.RELEASE.jar;G:\PortableApps\NetBeans_portable\netbeans\java\modules\ext\spring-4\spring-websocket-4.3.29.RELEASE.jar" />
    <property name="libs.spring-webmvc4.0.javadoc" value="" />
    <property name="test.binaryincludes" value="&lt;nothing&gt;" />
    <property name="debug-transport" value="dt_shmem" />
    <property name="do.jlink" value="false" />
    <property name="libs.javaee-web-api-8.0.src" value="" />
    <property name="java.vendor.url" value="https://openjdk.java.net/" />
    <property name="debug.modulepath" value="" />
    <property name="libs.eclipselink.javadoc" value="G:\PortableApps\NetBeans_portable\netbeans\java\modules\ext\docs\jakarta.persistence-2.2.3-doc.zip" />
    <property name="libs.jsp-compilation.src" value="" />
    <property name="libs.JWSAntTasks.javadoc" value="" />
    <property name="sun.boot.library.path" value="C:\Program Files\Java\jdk-11.0.16.1\bin" />
    <property name="sun.java.command" value="org.apache.tools.ant.taskdefs.optional.junit.JUnitTestRunner lab8_kre17.GUIControllerTest skipNonTests=false filtertrace=true haltOnError=false haltOnFailure=false showoutput=true outputtoformatters=true logfailedtests=true threadid=0 logtestlistenerevents=true formatter=org.apache.tools.ant.taskdefs.optional.junit.BriefJUnitResultFormatter formatter=org.apache.tools.ant.taskdefs.optional.junit.XMLJUnitResultFormatter,F:\JAVA_FX\LAB8_KRE17\build\test\results\TEST-lab8_kre17.GUIControllerTest.xml crashfile=F:\JAVA_FX\LAB8_KRE17\build\junitvmwatcher17043206077563317295.properties propsfile=F:\JAVA_FX\LAB8_KRE17\build\junit6038633063044060094.properties" />
    <property name="jdk.debug" value="release" />
    <property name="libs.spring-framework300.src" value="" />
    <property name="javadoc.use" value="true" />
    <property name="javadoc.notree" value="false" />
    <property name="basedir" value="F:\JAVA_FX\LAB8_KRE17" />
    <property name="application.vendor" value="RUSLAN" />
    <property name="java.specification.name" value="Java Platform API Specification" />
    <property name="java.vm.specification.vendor" value="Oracle Corporation" />
    <property name="libs.jsf20.classpath" value="G:\PortableApps\NetBeans_portable\netbeans\enterprise\modules\ext\jsf-2_2\javax.faces.jar" />
    <property name="netbeans.extbrowser.manual_chrome_plugin_install" value="yes" />
    <property name="libs.spring-framework500.javadoc" value="" />
    <property name="netbeans.default_userdir_root" value="C:\Users\RUSLAN\AppData\Roaming\NetBeans" />
    <property name="libs.jsp-compilation-syscp.src" value="" />
    <property name="jdk.home" value="C:\Program Files\Java\jdk-11.0.16.1" />
    <property name="java.runtime.version" value="11.0.16.1+1-LTS-1" />
    <property name="libs.eclipselink.maven-pom" value="" />
    <property name="libs.metro.maven-pom" value="" />
    <property name="libs.JAXB-ENDORSED.javadoc" value="" />
    <property name="org.openide.awt.SwingBrowserImpl.do-not-block-awt" value="false" />
    <property name="sun.java2d.noddraw" value="true" />
    <property name="sun.zip.disableMemoryMapping" value="true" />
    <property name="jnidispatch.path" value="C:\Users\RUSLAN\AppData\Local\Temp\jna--1866329847\jna6333355802788652693.dll" />
    <property name="libs.jsf12.src" value="" />
    <property name="libs.primefaces.javadoc" value="" />
    <property name="libs.jsp-compilation.javadoc" value="" />
    <property name="libs.groovy-all.maven-pom" value="" />
    <property name="java.vendor.version" value="18.9" />
    <property name="libs.restapi.src" value="" />
    <property name="libs.junit_5.javadoc" value="G:\PortableApps\NetBeans_portable\netbeans\platform\docs\junit-jupiter-api-5.6.0-javadoc.jar;G:\PortableApps\NetBeans_portable\netbeans\platform\docs\junit-jupiter-params-5.6.0-javadoc.jar;G:\PortableApps\NetBeans_portable\netbeans\platform\docs\junit-jupiter-engine-5.6.0-javadoc.jar" />
    <property name="jnlp.enabled" value="false" />
    <property name="dist.archive.excludes" value="" />
    <property name="java.io.tmpdir" value="C:\Users\RUSLAN\AppData\Local\Temp\" />
    <property name="java.version" value="11.0.16.1" />
    <property name="java.vm.specification.name" value="Java Virtual Machine Specification" />
    <property name="libs.jakartaee-api-8.0.javadoc" value="G:\PortableApps\NetBeans_portable\netbeans\enterprise\docs\jakartaee8-doc-api.jar" />
    <property name="java.library.path" value="C:\Program Files\Java\jdk-11.0.16.1\bin;C:\Windows\Sun\Java\bin;C:\Windows\system32;C:\Windows;C:\Program Files\Common Files\Oracle\Java\javapath;C:\Program Files\Python310\Scripts\;C:\Program Files\Python310\;C:\Program Files (x86)\Common Files\Intel\Shared Libraries\redist\intel64\compiler;C:\Program Files (x86)\NVIDIA Corporation\PhysX\Common;C:\Program Files (x86)\Common Files\Oracle\Java\javapath;C:\Windows\system32;C:\Windows;C:\Windows\System32\Wbem;C:\Windows\System32\WindowsPowerShell\v1.0\;C:\Windows\System32\OpenSSH\;C:\Program Files (x86)\dotnet\;C:\Program Files\dotnet\;G:\BATCH;C:\Program Files (x86)\QuickTime\QTSystem\;C:\Program Files\Git\cmd;G:\BATCH\GnuPG\bin;C:\Program Files\MySQL\MySQL Shell 8.0\bin\;C:\Windows\System32\OpenSSH;G:\BATCH;C:\Users\RUSLAN\AppData\Local\Microsoft\WindowsApps;F:\PyCharm Community Edition 2022.2.1\bin;;G:\BATCH\GnuPG\bin;;." />
    <property name="libs.hamcrest.src" value="" />
    <property name="java.vendor" value="Oracle Corporation" />
    <property name="libs.groovy-all.src" value="" />
    <property name="libs.testng.javadoc" value="G:\PortableApps\NetBeans_portable\netbeans\platform\docs\testng-6.13.1-javadoc.jar" />
    <property name="meta.inf.dir" value="src/META-INF" />
    <property name="run.upgrademodulepath" value="" />
    <property name="compile.on.save" value="false" />
    <property name="jlink.additionalparam" value="" />
    <property name="libs.testng.maven-pom" value="" />
    <property name="org.openide.version" value="deprecated" />
    <property name="test.includes" value="lab8_kre17/GUIControllerTest.java" />
    <property name="libs.JAVADB_DRIVER_LABEL.src" value="" />
    <property name="run.classpath" value="F:\javafx-sdk-18.0.2\lib\javafx-swt.jar;F:\javafx-sdk-18.0.2\lib\javafx.base.jar;F:\javafx-sdk-18.0.2\lib\javafx.controls.jar;F:\javafx-sdk-18.0.2\lib\javafx.fxml.jar;F:\javafx-sdk-18.0.2\lib\javafx.graphics.jar;F:\javafx-sdk-18.0.2\lib\javafx.media.jar;F:\javafx-sdk-18.0.2\lib\javafx.swing.jar;F:\javafx-sdk-18.0.2\lib\javafx.web.jar:G:\PortableApps\NetBeans_portable\netbeans\platform\modules\ext\junit-4.13.2.jar:build/classes" />
    <property name="libs.jaxb.src" value="" />
    <property name="test.src.dir" value="test" />
    <property name="sun.awt.enableExtraMouseButtons" value="true" />
    <property name="org.openide.major.version" value="IDE/1" />
    <property name="libs.spring-framework300.javadoc" value="" />
    <property name="ap.proc.none.internal" value="" />
    <property name="org.openide.specification.version" value="6.2" />
    <property name="user.timezone" value="" />
    <property name="jar.index" value="false" />
    <property name="libs.jpa20-persistence.classpath" value="G:\PortableApps\NetBeans_portable\netbeans\java\modules\ext\eclipselink\jakarta.persistence-2.2.3.jar" />
    <property name="libs.eclipselinkmodelgen.javadoc" value="" />
    <property name="libs.junit_5.classpath" value="G:\PortableApps\NetBeans_portable\netbeans\platform\modules\ext\junit-jupiter-api-5.6.0.jar;G:\PortableApps\NetBeans_portable\netbeans\platform\modules\ext\junit-jupiter-params-5.6.0.jar;G:\PortableApps\NetBeans_portable\netbeans\platform\modules\ext\junit-jupiter-engine-5.6.0.jar" />
    <property name="java.vm.specification.version" value="11" />
    <property name="javadoc.noindex" value="false" />
    <property name="javadoc.private" value="false" />
    <property name="libs.spring-webmvc4.0.maven-pom" value="" />
    <property name="libs.JAXB-ENDORSED.maven-pom" value="" />
    <property name="user.home" value="C:\Users\RUSLAN" />
    <property name="libs.eclipselinkmodelgen.maven-pom" value="" />
    <property name="have.sources" value="true" />
    <property name="annotation.processing.processors.list" value="" />
    <property name="javac.deprecation" value="false" />
    <property name="jlink.launcher" value="true" />
    <property name="manifest.custom.caller.allowable.codebase" value="" />
    <property name="build.generated.sources.dir" value="build/generated-sources" />
    <property name="plugin.manager.check.updates" value="false" />
    <property name="netbeans.autoupdate.language" value="en" />
    <property name="libs.eclipselinkmodelgen.src" value="" />
    <property name="build.compiler.emacs" value="true" />
    <property name="build.classes.excludes" value="**/*.java,**/*.form" />
    <property name="dist.jar" value="dist/LAB8_KRE17.jar" />
    <property name="libs.jakartaee-web-api-9.0.classpath" value="G:\PortableApps\NetBeans_portable\netbeans\enterprise\modules\ext\jakarta.jakartaee-web-api-9.0.0.jar" />
    <property name="libs.spring-webmvc4.0.classpath" value="G:\PortableApps\NetBeans_portable\netbeans\java\modules\ext\spring-4\spring-webmvc-4.3.29.RELEASE.jar" />
    <property name="modules.supported.internal" value="true" />
    <property name="libs.javaee-endorsed-api-7.0.javadoc" value="G:\PortableApps\NetBeans_portable\netbeans\enterprise\docs\javaee-doc-api.jar" />
    <property name="os.version" value="10.0" />
    <property name="netbeans.home" value="G:\PortableApps\NetBeans_portable\netbeans\platform" />
    <property name="libs.CopyLibs.javadoc" value="" />
    <property name="debug-transport-by-os" value="dt_shmem" />
    <property name="libs.jsf20.src" value="" />
    <property name="libs.javaee-api-8.0.javadoc" value="G:\PortableApps\NetBeans_portable\netbeans\enterprise\docs\javaee-doc-api.jar" />
    <property name="java.vm.name" value="Java HotSpot(TM) 64-Bit Server VM" />
    <property name="unnamed.module.internal" value="true" />
    <property name="libs.jstl.javadoc" value="G:\PortableApps\NetBeans_portable\netbeans\enterprise\docs\javaee-doc-api.jar" />
    <property name="libs.javaee-endorsed-api-7.0.maven-pom" value="" />
    <property name="libs.jaxws21.classpath" value="G:\PortableApps\NetBeans_portable\netbeans\java\modules\ext\jaxws22\api\jakarta.jws-api.jar;G:\PortableApps\NetBeans_portable\netbeans\java\modules\ext\jaxws22\api\jakarta.xml.soap-api.jar;G:\PortableApps\NetBeans_portable\netbeans\java\modules\ext\jaxws22\api\jakarta.xml.ws-api.jar;G:\PortableApps\NetBeans_portable\netbeans\java\modules\ext\jaxws22\FastInfoset.jar;G:\PortableApps\NetBeans_portable\netbeans\java\modules\ext\jaxws22\gmbal-api-only.jar;G:\PortableApps\NetBeans_portable\netbeans\java\modules\ext\jaxws22\ha-api.jar;G:\PortableApps\NetBeans_portable\netbeans\java\modules\ext\jaxws22\jakarta.mail.jar;G:\PortableApps\NetBeans_portable\netbeans\java\modules\ext\jaxws22\jaxws-rt.jar;G:\PortableApps\NetBeans_portable\netbeans\java\modules\ext\jaxws22\jaxws-tools.jar;G:\PortableApps\NetBeans_portable\netbeans\java\modules\ext\jaxws22\management-api.jar;G:\PortableApps\NetBeans_portable\netbeans\java\modules\ext\jaxws22\mimepull.jar;G:\PortableApps\NetBeans_portable\netbeans\java\modules\ext\jaxws22\policy.jar;G:\PortableApps\NetBeans_portable\netbeans\java\modules\ext\jaxws22\saaj-impl.jar;G:\PortableApps\NetBeans_portable\netbeans\java\modules\ext\jaxws22\stax-ex.jar;G:\PortableApps\NetBeans_portable\netbeans\java\modules\ext\jaxws22\stax2-api.jar;G:\PortableApps\NetBeans_portable\netbeans\java\modules\ext\jaxws22\streambuffer.jar;G:\PortableApps\NetBeans_portable\netbeans\java\modules\ext\jaxws22\woodstox-core.jar;G:\PortableApps\NetBeans_portable\netbeans\ide\modules\ext\jaxb\api\jaxb-api.jar;G:\PortableApps\NetBeans_portable\netbeans\ide\modules\ext\jaxb\activation.jar;G:\PortableApps\NetBeans_portable\netbeans\ide\modules\ext\jaxb\jaxb-impl.jar;G:\PortableApps\NetBeans_portable\netbeans\ide\modules\ext\jaxb\jaxb-xjc.jar" />
    <property name="libs.restapi.classpath" value="G:\PortableApps\NetBeans_portable\netbeans\enterprise\modules\ext\jaxrs-2.1\jakarta.ws.rs-api-2.1.6.jar" />
    <property name="os.arch" value="amd64" />
    <property name="build.generated.dir" value="build/generated" />
    <property name="libs.groovy-all.javadoc" value="" />
    <property name="libs.jakartaee-api-8.0.classpath" value="G:\PortableApps\NetBeans_portable\netbeans\enterprise\modules\ext\jakarta.jakartaee-api-8.0.0.jar" />
    <property name="libs.javaee-web-api-7.0.javadoc" value="G:\PortableApps\NetBeans_portable\netbeans\enterprise\docs\javaee-doc-api.jar" />
    <property name="libs.javaee-endorsed-api-6.0.src" value="" />
    <property name="jnlp.descriptor" value="application" />
    <property name="libs.jsf12.maven-pom" value="" />
    <property name="libs.javaee-endorsed-api-7.0.classpath" value="G:\PortableApps\NetBeans_portable\netbeans\enterprise\modules\ext\javaee7-endorsed\javax.annotation-api.jar;G:\PortableApps\NetBeans_portable\netbeans\enterprise\modules\ext\javaee7-endorsed\javax.xml.soap-api.jar;G:\PortableApps\NetBeans_portable\netbeans\enterprise\modules\ext\javaee7-endorsed\jaxb-api-osgi.jar;G:\PortableApps\NetBeans_portable\netbeans\enterprise\modules\ext\javaee7-endorsed\jaxws-api.jar;G:\PortableApps\NetBeans_portable\netbeans\enterprise\modules\ext\javaee7-endorsed\jsr181-api.jar" />
    <property name="libs.primefaces.maven-pom" value="" />
    <property name="org.netbeans.io.suspend" value="0" />
    <property name="awt.toolkit" value="sun.awt.windows.WToolkit" />
    <property name="ant.project.name" value="LAB8_KRE17" />
    <property name="dist.javadoc.dir" value="dist/javadoc" />
    <property name="default.javac.target" value="11" />
    <property name="javac.fork" value="true" />
    <property name="libs.eclipselink.classpath" value="G:\PortableApps\NetBeans_portable\netbeans\java\modules\ext\eclipselink\org.eclipse.persistence.core-2.7.10.jar;G:\PortableApps\NetBeans_portable\netbeans\java\modules\ext\eclipselink\org.eclipse.persistence.asm-9.2.0.jar;G:\PortableApps\NetBeans_portable\netbeans\java\modules\ext\eclipselink\org.eclipse.persistence.antlr-2.7.10.jar;G:\PortableApps\NetBeans_portable\netbeans\java\modules\ext\eclipselink\org.eclipse.persistence.jpa-2.7.10.jar;G:\PortableApps\NetBeans_portable\netbeans\java\modules\ext\eclipselink\org.eclipse.persistence.jpa.jpql-2.7.10.jar;G:\PortableApps\NetBeans_portable\netbeans\java\modules\ext\eclipselink\org.eclipse.persistence.moxy-2.7.10.jar;G:\PortableApps\NetBeans_portable\netbeans\java\modules\ext\eclipselink\jakarta.persistence-2.2.3.jar" />
    <property name="libs.struts.classpath" value="G:\PortableApps\NetBeans_portable\netbeans\enterprise\modules\ext\struts\antlr-2.7.2.jar;G:\PortableApps\NetBeans_portable\netbeans\enterprise\modules\ext\struts\bsf-2.3.0.jar;G:\PortableApps\NetBeans_portable\netbeans\enterprise\modules\ext\struts\commons-beanutils-1.8.0.jar;G:\PortableApps\NetBeans_portable\netbeans\enterprise\modules\ext\struts\commons-chain-1.2.jar;G:\PortableApps\NetBeans_portable\netbeans\enterprise\modules\ext\struts\commons-digester-1.8.jar;G:\PortableApps\NetBeans_portable\netbeans\enterprise\modules\ext\struts\commons-fileupload-1.1.1.jar;G:\PortableApps\NetBeans_portable\netbeans\enterprise\modules\ext\struts\commons-io-1.1.jar;G:\PortableApps\NetBeans_portable\netbeans\enterprise\modules\ext\struts\commons-logging-1.0.4.jar;G:\PortableApps\NetBeans_portable\netbeans\enterprise\modules\ext\struts\commons-validator-1.3.1.jar;G:\PortableApps\NetBeans_portable\netbeans\enterprise\modules\ext\struts\jstl-1.0.2.jar;G:\PortableApps\NetBeans_portable\netbeans\enterprise\modules\ext\struts\oro-2.0.8.jar;G:\PortableApps\NetBeans_portable\netbeans\enterprise\modules\ext\struts\standard-1.0.6.jar;G:\PortableApps\NetBeans_portable\netbeans\enterprise\modules\ext\struts\struts-core-1.3.10.jar;G:\PortableApps\NetBeans_portable\netbeans\enterprise\modules\ext\struts\struts-el-1.3.10.jar;G:\PortableApps\NetBeans_portable\netbeans\enterprise\modules\ext\struts\struts-extras-1.3.10.jar;G:\PortableApps\NetBeans_portable\netbeans\enterprise\modules\ext\struts\struts-faces-1.3.10.jar;G:\PortableApps\NetBeans_portable\netbeans\enterprise\modules\ext\struts\struts-mailreader-dao-1.3.10.jar;G:\PortableApps\NetBeans_portable\netbeans\enterprise\modules\ext\struts\struts-scripting-1.3.10.jar;G:\PortableApps\NetBeans_portable\netbeans\enterprise\modules\ext\struts\struts-taglib-1.3.10.jar;G:\PortableApps\NetBeans_portable\netbeans\enterprise\modules\ext\struts\struts-tiles-1.3.10.jar" />
    <property name="libs.PostgreSQLDriver.maven-pom" value="" />
    <property name="libs.absolutelayout.src" value="" />
    <property name="ant.file.type.LAB8_KRE17" value="file" />
    <property name="testng.mode" value="testng" />
    <property name="annotation.processing.enabled.in.editor" value="false" />
    <property name="java.vm.compressedOopsMode" value="Zero based" />
    <property name="netbeans.productversion" value="Apache NetBeans IDE 15" />
    <property name="mkdist.disabled" value="false" />
    <property name="libs.javaee-web-api-6.0.javadoc" value="G:\PortableApps\NetBeans_portable\netbeans\enterprise\docs\javaee-doc-api.jar" />
    <property name="libs.javaee-api-7.0.maven-pom" value="" />
    <property name="libs.groovy-all.classpath" value="G:\PortableApps\NetBeans_portable\netbeans\groovy\modules\ext\groovy-3.0.8.jar;G:\PortableApps\NetBeans_portable\netbeans\groovy\modules\ext\groovy-ant-3.0.8.jar" />
    <property name="libs.absolutelayout.javadoc" value="" />
    <property name="module.build.classes.dir" value="build/classes" />
    <property name="annotation.processing.processor.options" value="" />
    <property name="libs.jaxb.maven-pom" value="" />
    <property name="libs.javaee-api-6.0.maven-pom" value="" />
    <property name="dist.dir" value="dist" />
    <property name="build.dir" value="build" />
    <property name="libs.JavaFX18.src" value="" />
    <property name="libs.graaljs.maven-pom" value="" />
    <property name="netbeans.autoupdate.variant" value="" />
    <property name="javadoc.version" value="false" />
    <property name="libs.metro.src" value="" />
    <property name="libs.metro.classpath" value="G:\PortableApps\NetBeans_portable\netbeans\ide\modules\ext\jaxb\activation.jar;G:\PortableApps\NetBeans_portable\netbeans\enterprise\modules\ext\metro\webservices-api.jar;G:\PortableApps\NetBeans_portable\netbeans\enterprise\modules\ext\metro\webservices-extra-api.jar;G:\PortableApps\NetBeans_portable\netbeans\enterprise\modules\ext\metro\webservices-extra.jar;G:\PortableApps\NetBeans_portable\netbeans\enterprise\modules\ext\metro\webservices-rt.jar;G:\PortableApps\NetBeans_portable\netbeans\enterprise\modules\ext\metro\webservices-tools.jar" />
    <property name="libs.CopyLibs.classpath" value="G:\PortableApps\NetBeans_portable\netbeans\java\ant\extra\org-netbeans-modules-java-j2seproject-copylibstask.jar" />
    <property name="sun.os.patch.level" value="" />
    <property name="javadoc.html5" value="false" />
    <property name="javac.test.processorpath" value="F:\javafx-sdk-18.0.2\lib\javafx-swt.jar;F:\javafx-sdk-18.0.2\lib\javafx.base.jar;F:\javafx-sdk-18.0.2\lib\javafx.controls.jar;F:\javafx-sdk-18.0.2\lib\javafx.fxml.jar;F:\javafx-sdk-18.0.2\lib\javafx.graphics.jar;F:\javafx-sdk-18.0.2\lib\javafx.media.jar;F:\javafx-sdk-18.0.2\lib\javafx.swing.jar;F:\javafx-sdk-18.0.2\lib\javafx.web.jar:G:\PortableApps\NetBeans_portable\netbeans\platform\modules\ext\junit-4.13.2.jar:build/classes" />
    <property name="libs.javaee-web-api-7.0.maven-pom" value="" />
    <property name="libs.javaee-web-api-8.0.maven-pom" value="" />
    <property name="netbeans.dirs" value="G:\PortableApps\NetBeans_portable\netbeans\nb;G:\PortableApps\NetBeans_portable\netbeans\ergonomics;G:\PortableApps\NetBeans_portable\netbeans\ide;G:\PortableApps\NetBeans_portable\netbeans\extide;G:\PortableApps\NetBeans_portable\netbeans\java;G:\PortableApps\NetBeans_portable\netbeans\apisupport;G:\PortableApps\NetBeans_portable\netbeans\webcommon;G:\PortableApps\NetBeans_portable\netbeans\websvccommon;G:\PortableApps\NetBeans_portable\netbeans\enterprise;G:\PortableApps\NetBeans_portable\netbeans\mobility;G:\PortableApps\NetBeans_portable\netbeans\profiler;G:\PortableApps\NetBeans_portable\netbeans\python;G:\PortableApps\NetBeans_portable\netbeans\php;G:\PortableApps\NetBeans_portable\netbeans\identity;G:\PortableApps\NetBeans_portable\netbeans\harness;G:\PortableApps\NetBeans_portable\netbeans\cnd;G:\PortableApps\NetBeans_portable\netbeans\cndext;G:\PortableApps\NetBeans_portable\netbeans\cpplite;G:\PortableApps\NetBeans_portable\netbeans\dlight;G:\PortableApps\NetBeans_portable\netbeans\groovy;G:\PortableApps\NetBeans_portable\netbeans\extra;G:\PortableApps\NetBeans_portable\netbeans\javacard;G:\PortableApps\NetBeans_portable\netbeans\javafx" />
    <property name="libs.JAVADB_DRIVER_LABEL.javadoc" value="" />
    <property name="libs.hamcrest.maven-pom" value="" />
    <property name="javac.processorpath" value="F:\javafx-sdk-18.0.2\lib\javafx-swt.jar;F:\javafx-sdk-18.0.2\lib\javafx.base.jar;F:\javafx-sdk-18.0.2\lib\javafx.controls.jar;F:\javafx-sdk-18.0.2\lib\javafx.fxml.jar;F:\javafx-sdk-18.0.2\lib\javafx.graphics.jar;F:\javafx-sdk-18.0.2\lib\javafx.media.jar;F:\javafx-sdk-18.0.2\lib\javafx.swing.jar;F:\javafx-sdk-18.0.2\lib\javafx.web.jar:G:\PortableApps\NetBeans_portable\netbeans\platform\modules\ext\junit-4.13.2.jar" />
    <property name="libs.javaee-api-6.0.javadoc" value="G:\PortableApps\NetBeans_portable\netbeans\enterprise\docs\javaee-doc-api.jar" />
    <property name="libs.JWSAntTasks.maven-pom" value="" />
    <property name="libs.JavaFX18.javadoc" value="F:\javafx-18.0.2-javadoc" />
    <property name="run.modulepath" value="" />
    <property name="javac.upgrademodulepath" value="" />
    <property name="jnlp.codebase.type" value="no.codebase" />
    <property name="do.archive+manifest.available" value="true" />
    <property name="apple.laf.useScreenMenuBar" value="true" />
    <property name="user.country" value="US" />
    <property name="sun.java.launcher" value="SUN_STANDARD" />
    <property name="libs.jakartaee-api-9.0.maven-pom" value="" />
    <property name="libs.jpa20-persistence.src" value="" />
    <property name="libs.restapi.javadoc" value="" />
    <property name="endorsed.classpath" value="" />
    <property name="javac.test.sourcepath" value="F:\JAVA_FX\LAB8_KRE17\build\empty" />
    <property name="libs.spring-webmvc3.0.maven-pom" value="" />
    <property name="includes" value="**" />
    <property name="libs.jsf12.javadoc" value="G:\PortableApps\NetBeans_portable\netbeans\enterprise\docs\javaee-doc-api.jar" />
    <property name="libs.hamcrest.classpath" value="G:\PortableApps\NetBeans_portable\netbeans\platform\modules\ext\hamcrest-core-1.3.jar" />
    <property name="javadoc.splitindex" value="true" />
    <property name="libs.JWSAntTasks.classpath" value="G:\PortableApps\NetBeans_portable\netbeans\java\ant\extra\org-netbeans-modules-javawebstart-anttasks.jar" />
    <property name="junit.available" value="true" />
    <property name="javac.processormodulepath" value="" />
    <property name="manifest.custom.application.library.allowable.codebase" value="" />
    <property name="javadoc.encoding" value="UTF-8" />
    <property name="netbeans.hash.code" value="unique=04ba07910-fa5d-467c-871f-ee0efd627d49_4db029d1-57fe-45ee-b89c-447d13cd7db7" />
    <property name="libs.jstl.src" value="" />
    <property name="libs.jsp-compilation-syscp.maven-pom" value="" />
    <property name="jlink.strip" value="false" />
    <property name="libs.spring-webmvc3.0.classpath" value="G:\PortableApps\NetBeans_portable\netbeans\java\modules\ext\spring-3.0\spring-webmvc-3.2.18.RELEASE.jar" />
    <property name="java.runtime.name" value="Java(TM) SE Runtime Environment" />
    <property name="libs.jaxb.javadoc" value="G:\PortableApps\NetBeans_portable\netbeans\ide\docs\jaxb-api-doc.jar" />
    <property name="manifest.available" value="true" />
    <property name="libs.spring-framework500.maven-pom" value="" />
    <property name="run.jvmargs.ide" value="" />
    <property name="platforms.Custom11.compiler" value="modern" />
    <property name="ant.core.lib" value="G:\PortableApps\NetBeans_portable\netbeans\extide\ant\lib\ant.jar" />
    <property name="libs.jsp-compilation.maven-pom" value="" />
    <property name="javac.profile.cmd.line.arg" value="" />
    <property name="libs.jakartaee-api-9.0.classpath" value="G:\PortableApps\NetBeans_portable\netbeans\enterprise\modules\ext\jakarta.jakartaee-api-9.0.0.jar" />
    <property name="do.archive+main.class.available" value="true" />
    <property name="application.title" value="LAB8_KRE17" />
    <property name="javac.test.modulepath" value="" />
    <property name="libs.PostgreSQLDriver.javadoc" value="" />
    <property name="libs.jsp-compilation-syscp.classpath" value="G:\PortableApps\NetBeans_portable\netbeans\extide\ant\lib\ant.jar;G:\PortableApps\NetBeans_portable\netbeans\enterprise\modules\ext\servlet3.1-jsp2.3-api.jar;G:\PortableApps\NetBeans_portable\netbeans\enterprise\modules\ext\glassfish-jspparser-4.0.jar;G:\PortableApps\NetBeans_portable\netbeans\enterprise\modules\ext\jstl-impl.jar;G:\PortableApps\NetBeans_portable\netbeans\enterprise\modules\ext\jsf-2_2\javax.faces.jar" />
    <property name="libs.jsp-compilation.classpath" value="G:\PortableApps\NetBeans_portable\netbeans\extide\ant\lib\ant.jar;G:\PortableApps\NetBeans_portable\netbeans\enterprise\modules\ext\servlet3.1-jsp2.3-api.jar;G:\PortableApps\NetBeans_portable\netbeans\enterprise\modules\ext\glassfish-jspparser-4.0.jar;G:\PortableApps\NetBeans_portable\netbeans\enterprise\modules\ext\jsf-2_2\javax.faces.jar;G:\PortableApps\NetBeans_portable\netbeans\enterprise\modules\ext\jstl-api.jar;G:\PortableApps\NetBeans_portable\netbeans\extide\ant\lib\ant-launcher.jar" />
    <property name="libs.javaee-api-6.0.classpath" value="G:\PortableApps\NetBeans_portable\netbeans\enterprise\modules\ext\javaee-api-6.0.jar" />
    <property name="javac.includesfile.binary" value="F:\JAVA_FX\LAB8_KRE17\null1512620180" />
    <property name="libs.javaee-api-7.0.classpath" value="G:\PortableApps\NetBeans_portable\netbeans\enterprise\modules\ext\javaee-api-7.0.jar" />
    <property name="sun.cpu.isalist" value="amd64" />
    <property name="libs.restapi.maven-pom" value="" />
    <property name="do.depend" value="false" />
    <property name="javadoc.preview" value="true" />
    <property name="jnlp.signing.alias" value="" />
    <property name="sun.arch.data.model" value="64" />
    <property name="libs.jakartaee-web-api-9.0.maven-pom" value="" />
    <property name="libs.javaee-endorsed-api-7.0.src" value="" />
    <property name="annotation.processing.enabled" value="true" />
    <property name="libs.junit_5.src" value="G:\PortableApps\NetBeans_portable\netbeans\platform\docs\junit-jupiter-api-5.6.0-sources.jar;G:\PortableApps\NetBeans_portable\netbeans\platform\docs\junit-jupiter-params-5.6.0-sources.jar;G:\PortableApps\NetBeans_portable\netbeans\platform\docs\junit-jupiter-engine-5.6.0-sources.jar" />
    <property name="libs.jaxb.classpath" value="G:\PortableApps\NetBeans_portable\netbeans\ide\modules\ext\jaxb\jaxb-impl.jar;G:\PortableApps\NetBeans_portable\netbeans\ide\modules\ext\jaxb\jaxb-xjc.jar;G:\PortableApps\NetBeans_portable\netbeans\ide\modules\ext\jaxb\activation.jar;G:\PortableApps\NetBeans_portable\netbeans\ide\modules\ext\jaxb\api\jaxb-api.jar" />
    <property name="auxiliary.org-netbeans-spi-editor-hints-projects.perProjectHintSettingsFile" value="nbproject/cfg_hints.xml" />
    <property name="libs.javaee-api-8.0.classpath" value="G:\PortableApps\NetBeans_portable\netbeans\enterprise\modules\ext\javaee-api-8.0.jar" />
    <property name="libs.CopyLibs.src" value="" />
    <property name="javac.source" value="11" />
    <property name="java.specification.vendor" value="Oracle Corporation" />
    <property name="jdk.module.path" value="F:\javafx-sdk-18.0.2\lib" />
    <property name="java.version.date" value="2022-08-18" />
    <property name="nbplatform.default.netbeans.dest.dir" value="G:\PortableApps\NetBeans_portable\netbeans" />
    <property name="java.home" value="C:\Program Files\Java\jdk-11.0.16.1" />
    <property name="work.dir" value="F:\JAVA_FX\LAB8_KRE17" />
    <property name="javac.test.compilerargs" value="" />
    <property name="jna.boot.library.name" value="jnidispatch-nb" />
    <property name="libs.PostgreSQLDriver.classpath" value="G:\PortableApps\NetBeans_portable\netbeans\ide\modules\ext\postgresql-42.2.16.jar" />
    <property name="libs.graaljs.javadoc" value="" />
    <property name="libs.spring-webmvc3.0.javadoc" value="" />
    <property name="libs.JAXB-ENDORSED.src" value="" />
    <property name="user.script" value="" />
    <property name="manifest.encoding" value="UTF-8" />
    <property name="manifest.custom.permissions" value="" />
    <property name="libs.spring-framework400.src" value="" />
    <property name="sun.management.compiler" value="HotSpot 64-Bit Tiered Compilers" />
    <property name="run.test.modulepath" value="" />
    <property name="libs.javaee-web-api-6.0.classpath" value="G:\PortableApps\NetBeans_portable\netbeans\enterprise\modules\ext\javaee-web-api-6.0.jar" />
    <property name="libs.graaljs.classpath" value="G:\PortableApps\NetBeans_portable\netbeans\webcommon\modules\ext\js-20.3.0.jar;G:\PortableApps\NetBeans_portable\netbeans\webcommon\modules\ext\js-launcher-20.3.0.jar;G:\PortableApps\NetBeans_portable\netbeans\webcommon\modules\ext\regex-20.3.0.jar;G:\PortableApps\NetBeans_portable\netbeans\webcommon\modules\ext\icu4j-67.1.jar;G:\PortableApps\NetBeans_portable\netbeans\ide\modules\ext\graal-sdk-20.3.0.jar;G:\PortableApps\NetBeans_portable\netbeans\ide\modules\ext\launcher-common-20.3.0.jar;G:\PortableApps\NetBeans_portable\netbeans\ide\modules\ext\truffle-api-20.3.0.jar" />
    <property name="libs.jsp-compiler.javadoc" value="" />
    <property name="debug.test.modulepath" value="" />
    <property name="libs.javaee-web-api-7.0.classpath" value="G:\PortableApps\NetBeans_portable\netbeans\enterprise\modules\ext\javaee-web-api-7.0.jar" />
    <property name="file.encoding" value="Cp1252" />
    <property name="java.util.logging.config.class" value="org.netbeans.core.startup.TopLogging" />
    <property name="https.nonProxyHosts" value="localhost|127.0.0.1|PCR" />
    <property name="libs.restlib.javadoc" value="" />
    <property name="libs.absolutelayout.classpath" value="G:\PortableApps\NetBeans_portable\netbeans\java\modules\ext\AbsoluteLayout.jar" />
    <property name="org.openide.awt.ActionReference.completion" value="org.netbeans.modules.apisupport.project.layers.PathCompletions" />
    <property name="do.archive" value="true" />
    <property name="libs.struts.maven-pom" value="" />
    <property name="java.awt.printerjob" value="sun.awt.windows.WPrinterJob" />
    <property name="built-jar.properties" value="F:\JAVA_FX\LAB8_KRE17\build\built-jar.properties" />
    <property name="nb.native.filechooser" value="false" />
    <property name="libs.testng.src" value="" />
    <property name="platform.active" value="default_platform" />
    <property name="libs.javaee-web-api-8.0.classpath" value="G:\PortableApps\NetBeans_portable\netbeans\enterprise\modules\ext\javaee-web-api-8.0.jar" />
    <property name="manifest.file" value="manifest.mf" />
    <property name="sun.io.unicode.encoding" value="UnicodeLittle" />
    <property name="libs.struts.javadoc" value="G:\PortableApps\NetBeans_portable\netbeans\enterprise\docs\struts-1.3.10-javadoc.zip" />
    <property name="sun.desktop" value="windows" />
    <property name="default.javac.source" value="11" />
    <property name="netbeans.dynamic.classpath" value="G:\PortableApps\NetBeans_portable\netbeans\platform\core\asm-9.3.jar;G:\PortableApps\NetBeans_portable\netbeans\platform\core\asm-commons-9.3.jar;G:\PortableApps\NetBeans_portable\netbeans\platform\core\asm-tree-9.3.jar;G:\PortableApps\NetBeans_portable\netbeans\platform\core\core-base.jar;G:\PortableApps\NetBeans_portable\netbeans\platform\core\core.jar;G:\PortableApps\NetBeans_portable\netbeans\platform\core\org-netbeans-libs-asm.jar;G:\PortableApps\NetBeans_portable\netbeans\platform\core\org-openide-filesystems-compat8.jar;G:\PortableApps\NetBeans_portable\netbeans\platform\core\org-openide-filesystems.jar;G:\PortableApps\NetBeans_portable\netbeans\nb\core\org-netbeans-upgrader.jar;G:\PortableApps\NetBeans_portable\netbeans\nb\core\locale\core_nb.jar" />
    <property name="libs.javaee-web-api-8.0.javadoc" value="G:\PortableApps\NetBeans_portable\netbeans\enterprise\docs\javaee-doc-api.jar" />
    <property name="libs.eclipselinkmodelgen.classpath" value="G:\PortableApps\NetBeans_portable\netbeans\java\modules\ext\eclipselink\org.eclipse.persistence.jpa.modelgen.processor-2.7.10.jar" />
    <property name="javac.systemmodulepath.cmd.line.arg" value="" />
    <property name="netbeans.buildnumber" value="15-387759c96ce1b891ec45ffaf524a53499455fe1a" />
    <property name="php.global.include.path" value="" />
    <property name="endorsed.classpath.cmd.line.arg" value="" />
    <property name="libs.jpa20-persistence.maven-pom" value="" />
    <property name="build.sysclasspath" value="ignore" />
    <property name="libs.CopyLibs.maven-pom" value="" />
    <property name="os.name" value="Windows 11" />
    <property name="libs.jakartaee-api-8.0.maven-pom" value="" />
    <property name="jdkBug6558476" value="false" />
    <property name="http.nonProxyHosts" value="localhost|127.0.0.1|PCR" />
    <property name="javadoc.author" value="false" />
    <property name="main.class" value="lab8_kre17.MainClass" />
    <property name="libs.jsp-compilation-syscp.javadoc" value="" />
    <property name="nbplatform.default.harness.dir" value="G:\PortableApps\NetBeans_portable\netbeans/harness" />
    <property name="source.encoding" value="UTF-8" />
    <property name="jar.compress" value="false" />
    <property name="libs.javaee-api-7.0.javadoc" value="G:\PortableApps\NetBeans_portable\netbeans\enterprise\docs\javaee-doc-api.jar" />
    <property name="libs.spring-webmvc5.0.src" value="" />
    <property name="jnlp.mixed.code" value="default" />
    <property name="libs.jsf20.maven-pom" value="" />
    <property name="java.awt.graphicsenv" value="sun.awt.Win32GraphicsEnvironment" />
    <property name="libs.restlib.classpath" value="G:\PortableApps\NetBeans_portable\netbeans\enterprise\modules\ext\jersey2\jakarta.annotation-api-1.3.5.jar;G:\PortableApps\NetBeans_portable\netbeans\enterprise\modules\ext\jersey2\jakarta.persistence-api-2.2.3.jar;G:\PortableApps\NetBeans_portable\netbeans\enterprise\modules\ext\jersey2\jakarta.servlet-api-4.0.4.jar;G:\PortableApps\NetBeans_portable\netbeans\enterprise\modules\ext\jersey2\jakarta.validation-api-2.0.2.jar;G:\PortableApps\NetBeans_portable\netbeans\enterprise\modules\ext\jersey2\jakarta.xml.bind-api-2.3.3.jar;G:\PortableApps\NetBeans_portable\netbeans\enterprise\modules\ext\jersey2\jersey-client-2.34.jar;G:\PortableApps\NetBeans_portable\netbeans\enterprise\modules\ext\jersey2\jersey-common-2.34.jar;G:\PortableApps\NetBeans_portable\netbeans\enterprise\modules\ext\jersey2\jersey-server-2.34.jar;G:\PortableApps\NetBeans_portable\netbeans\enterprise\modules\ext\jersey2\jersey-entity-filtering-2.34.jar;G:\PortableApps\NetBeans_portable\netbeans\enterprise\modules\ext\jersey2\jersey-hk2-2.34.jar;G:\PortableApps\NetBeans_portable\netbeans\enterprise\modules\ext\jersey2\jersey-media-moxy-2.34.jar;G:\PortableApps\NetBeans_portable\netbeans\enterprise\modules\ext\jersey2\jersey-container-servlet-2.34.jar;G:\PortableApps\NetBeans_portable\netbeans\enterprise\modules\ext\jersey2\jersey-container-servlet-core-2.34.jar;G:\PortableApps\NetBeans_portable\netbeans\enterprise\modules\ext\jersey2\hk2-api-2.6.1.jar;G:\PortableApps\NetBeans_portable\netbeans\enterprise\modules\ext\jersey2\hk2-locator-2.6.1.jar;G:\PortableApps\NetBeans_portable\netbeans\enterprise\modules\ext\jersey2\hk2-utils-2.6.1.jar;G:\PortableApps\NetBeans_portable\netbeans\enterprise\modules\ext\jersey2\jakarta.inject-2.6.1.jar;G:\PortableApps\NetBeans_portable\netbeans\enterprise\modules\ext\jersey2\aopalliance-repackaged-2.6.1.jar;G:\PortableApps\NetBeans_portable\netbeans\enterprise\modules\ext\jersey2\osgi.core-8.0.0.jar;G:\PortableApps\NetBeans_portable\netbeans\enterprise\modules\ext\jersey2\osgi-resource-locator-1.0.3.jar;G:\PortableApps\NetBeans_portable\netbeans\java\modules\ext\eclipselink\org.eclipse.persistence.core-2.7.10.jar;G:\PortableApps\NetBeans_portable\netbeans\java\modules\ext\eclipselink\org.eclipse.persistence.asm-9.2.0.jar;G:\PortableApps\NetBeans_portable\netbeans\java\modules\ext\eclipselink\org.eclipse.persistence.antlr-2.7.10.jar;G:\PortableApps\NetBeans_portable\netbeans\java\modules\ext\eclipselink\org.eclipse.persistence.jpa-2.7.10.jar;G:\PortableApps\NetBeans_portable\netbeans\java\modules\ext\eclipselink\org.eclipse.persistence.jpa.jpql-2.7.10.jar;G:\PortableApps\NetBeans_portable\netbeans\java\modules\ext\eclipselink\org.eclipse.persistence.moxy-2.7.10.jar" />
    <property name="libs.jakartaee-web-api-8.0.javadoc" value="G:\PortableApps\NetBeans_portable\netbeans\enterprise\docs\jakartaee8-doc-api.jar" />
    <property name="apple.awt.graphics.UseQuartz" value="true" />
    <property name="libs.graaljs.src" value="" />
    <property name="ant.file.LAB8_KRE17-impl" value="F:\JAVA_FX\LAB8_KRE17\nbproject\build-impl.xml" />
    <property name="run.jvmargs" value="--module-path F:\javafx-sdk-18.0.2\lib --add-modules javafx.controls,javafx.fxml" />
    <property name="libs.primefaces.src" value="" />
    <property name="ant.file" value="F:\JAVA_FX\LAB8_KRE17\build.xml" />
    <property name="libs.struts.src" value="" />
    <property name="path.separator" value=";" />
    <property name="libs.JAXB-ENDORSED.classpath" value="G:\PortableApps\NetBeans_portable\netbeans\ide\modules\ext\jaxb\api\jaxb-api.jar" />
    <property name="libs.restlib.src" value="" />
    <property name="build.test.results.dir" value="build/test/results" />
    <property name="libs.jaxws21.javadoc" value="G:\PortableApps\NetBeans_portable\netbeans\java\docs\jaxws-api-doc.zip" />
    <property name="libs.javaee-endorsed-api-6.0.javadoc" value="G:\PortableApps\NetBeans_portable\netbeans\enterprise\docs\javaee-doc-api.jar" />
    <property name="libs.spring-framework400.maven-pom" value="" />
    <property name="ap.processors.internal" value="" />
    <property name="module.name" value="" />
    <property name="libs.jsf12.classpath" value="G:\PortableApps\NetBeans_portable\netbeans\enterprise\modules\ext\jsf-1_2\jsf-api.jar;G:\PortableApps\NetBeans_portable\netbeans\enterprise\modules\ext\jsf-1_2\jsf-impl.jar" />
    <property name="libs.spring-webmvc5.0.javadoc" value="" />
    <property name="libs.hamcrest.javadoc" value="" />
    <property name="libs.spring-framework400.javadoc" value="" />
    <property name="platforms.Custom11.bootclasspath" value="C:\Program Files\Java\jdk-11.0.16.1\!/modules/java.base/;C:\Program Files\Java\jdk-11.0.16.1\!/modules/java.compiler/;C:\Program Files\Java\jdk-11.0.16.1\!/modules/java.datatransfer/;C:\Program Files\Java\jdk-11.0.16.1\!/modules/java.desktop/;C:\Program Files\Java\jdk-11.0.16.1\!/modules/java.instrument/;C:\Program Files\Java\jdk-11.0.16.1\!/modules/java.logging/;C:\Program Files\Java\jdk-11.0.16.1\!/modules/java.management/;C:\Program Files\Java\jdk-11.0.16.1\!/modules/java.management.rmi/;C:\Program Files\Java\jdk-11.0.16.1\!/modules/java.naming/;C:\Program Files\Java\jdk-11.0.16.1\!/modules/java.net.http/;C:\Program Files\Java\jdk-11.0.16.1\!/modules/java.prefs/;C:\Program Files\Java\jdk-11.0.16.1\!/modules/java.rmi/;C:\Program Files\Java\jdk-11.0.16.1\!/modules/java.scripting/;C:\Program Files\Java\jdk-11.0.16.1\!/modules/java.se/;C:\Program Files\Java\jdk-11.0.16.1\!/modules/java.security.jgss/;C:\Program Files\Java\jdk-11.0.16.1\!/modules/java.security.sasl/;C:\Program Files\Java\jdk-11.0.16.1\!/modules/java.smartcardio/;C:\Program Files\Java\jdk-11.0.16.1\!/modules/java.sql/;C:\Program Files\Java\jdk-11.0.16.1\!/modules/java.sql.rowset/;C:\Program Files\Java\jdk-11.0.16.1\!/modules/java.transaction.xa/;C:\Program Files\Java\jdk-11.0.16.1\!/modules/java.xml/;C:\Program Files\Java\jdk-11.0.16.1\!/modules/java.xml.crypto/;C:\Program Files\Java\jdk-11.0.16.1\!/modules/jdk.accessibility/;C:\Program Files\Java\jdk-11.0.16.1\!/modules/jdk.attach/;C:\Program Files\Java\jdk-11.0.16.1\!/modules/jdk.charsets/;C:\Program Files\Java\jdk-11.0.16.1\!/modules/jdk.compiler/;C:\Program Files\Java\jdk-11.0.16.1\!/modules/jdk.crypto.cryptoki/;C:\Program Files\Java\jdk-11.0.16.1\!/modules/jdk.crypto.ec/;C:\Program Files\Java\jdk-11.0.16.1\!/modules/jdk.crypto.mscapi/;C:\Program Files\Java\jdk-11.0.16.1\!/modules/jdk.dynalink/;C:\Program Files\Java\jdk-11.0.16.1\!/modules/jdk.editpad/;C:\Program Files\Java\jdk-11.0.16.1\!/modules/jdk.hotspot.agent/;C:\Program Files\Java\jdk-11.0.16.1\!/modules/jdk.httpserver/;C:\Program Files\Java\jdk-11.0.16.1\!/modules/jdk.internal.ed/;C:\Program Files\Java\jdk-11.0.16.1\!/modules/jdk.internal.jvmstat/;C:\Program Files\Java\jdk-11.0.16.1\!/modules/jdk.internal.le/;C:\Program Files\Java\jdk-11.0.16.1\!/modules/jdk.internal.opt/;C:\Program Files\Java\jdk-11.0.16.1\!/modules/jdk.internal.vm.ci/;C:\Program Files\Java\jdk-11.0.16.1\!/modules/jdk.internal.vm.compiler/;C:\Program Files\Java\jdk-11.0.16.1\!/modules/jdk.internal.vm.compiler.management/;C:\Program Files\Java\jdk-11.0.16.1\!/modules/jdk.jartool/;C:\Program Files\Java\jdk-11.0.16.1\!/modules/jdk.javadoc/;C:\Program Files\Java\jdk-11.0.16.1\!/modules/jdk.jcmd/;C:\Program Files\Java\jdk-11.0.16.1\!/modules/jdk.jconsole/;C:\Program Files\Java\jdk-11.0.16.1\!/modules/jdk.jdeps/;C:\Program Files\Java\jdk-11.0.16.1\!/modules/jdk.jdi/;C:\Program Files\Java\jdk-11.0.16.1\!/modules/jdk.jdwp.agent/;C:\Program Files\Java\jdk-11.0.16.1\!/modules/jdk.jfr/;C:\Program Files\Java\jdk-11.0.16.1\!/modules/jdk.jlink/;C:\Program Files\Java\jdk-11.0.16.1\!/modules/jdk.jshell/;C:\Program Files\Java\jdk-11.0.16.1\!/modules/jdk.jsobject/;C:\Program Files\Java\jdk-11.0.16.1\!/modules/jdk.jstatd/;C:\Program Files\Java\jdk-11.0.16.1\!/modules/jdk.localedata/;C:\Program Files\Java\jdk-11.0.16.1\!/modules/jdk.management/;C:\Program Files\Java\jdk-11.0.16.1\!/modules/jdk.management.agent/;C:\Program Files\Java\jdk-11.0.16.1\!/modules/jdk.management.jfr/;C:\Program Files\Java\jdk-11.0.16.1\!/modules/jdk.naming.dns/;C:\Program Files\Java\jdk-11.0.16.1\!/modules/jdk.naming.ldap/;C:\Program Files\Java\jdk-11.0.16.1\!/modules/jdk.naming.rmi/;C:\Program Files\Java\jdk-11.0.16.1\!/modules/jdk.net/;C:\Program Files\Java\jdk-11.0.16.1\!/modules/jdk.pack/;C:\Program Files\Java\jdk-11.0.16.1\!/modules/jdk.rmic/;C:\Program Files\Java\jdk-11.0.16.1\!/modules/jdk.scripting.nashorn/;C:\Program Files\Java\jdk-11.0.16.1\!/modules/jdk.scripting.nashorn.shell/;C:\Program Files\Java\jdk-11.0.16.1\!/modules/jdk.sctp/;C:\Program Files\Java\jdk-11.0.16.1\!/modules/jdk.security.auth/;C:\Program Files\Java\jdk-11.0.16.1\!/modules/jdk.security.jgss/;C:\Program Files\Java\jdk-11.0.16.1\!/modules/jdk.unsupported/;C:\Program Files\Java\jdk-11.0.16.1\!/modules/jdk.unsupported.desktop/;C:\Program Files\Java\jdk-11.0.16.1\!/modules/jdk.xml.dom/;C:\Program Files\Java\jdk-11.0.16.1\!/modules/jdk.zipfs/" />
    <property name="do.jar" value="true" />
    <property name="ant.file.type.LAB8_KRE17-impl" value="file" />
    <property name="java.vm.info" value="mixed mode" />
    <property name="libs.primefaces.classpath" value="G:\PortableApps\NetBeans_portable\netbeans\enterprise\modules\ext\primefaces\primefaces-5.0.jar" />
    <property name="libs.jaxws21.maven-pom" value="" />
    <property name="run.test.classpath" value="F:\javafx-sdk-18.0.2\lib\javafx-swt.jar;F:\javafx-sdk-18.0.2\lib\javafx.base.jar;F:\javafx-sdk-18.0.2\lib\javafx.controls.jar;F:\javafx-sdk-18.0.2\lib\javafx.fxml.jar;F:\javafx-sdk-18.0.2\lib\javafx.graphics.jar;F:\javafx-sdk-18.0.2\lib\javafx.media.jar;F:\javafx-sdk-18.0.2\lib\javafx.swing.jar;F:\javafx-sdk-18.0.2\lib\javafx.web.jar:G:\PortableApps\NetBeans_portable\netbeans\platform\modules\ext\junit-4.13.2.jar:build/classes:build/test/classes" />
    <property name="dist.jlink.output" value="dist/jlink/LAB8_KRE17" />
    <property name="javadoc.encoding.used" value="UTF-8" />
    <property name="java.class.version" value="55.0" />
    <property name="src.dir" value="src" />
    <property name="ant.project.default-target" value="default" />
    <property name="debug.classpath" value="F:\javafx-sdk-18.0.2\lib\javafx-swt.jar;F:\javafx-sdk-18.0.2\lib\javafx.base.jar;F:\javafx-sdk-18.0.2\lib\javafx.controls.jar;F:\javafx-sdk-18.0.2\lib\javafx.fxml.jar;F:\javafx-sdk-18.0.2\lib\javafx.graphics.jar;F:\javafx-sdk-18.0.2\lib\javafx.media.jar;F:\javafx-sdk-18.0.2\lib\javafx.swing.jar;F:\javafx-sdk-18.0.2\lib\javafx.web.jar:G:\PortableApps\NetBeans_portable\netbeans\platform\modules\ext\junit-4.13.2.jar:build/classes" />
    <property name="excludes" value="" />
    <property name="libs.javaee-api-7.0.src" value="" />
    <property name="sun.jnu.encoding" value="Cp1252" />
    <property name="libs.junit_4.javadoc" value="G:\PortableApps\NetBeans_portable\netbeans\platform\docs\junit-4.13.2-javadoc.jar" />
    <property name="run.test.jvmargs" value="" />
    <property name="jnlp.offline-allowed" value="false" />
    <property name="libs.spring-webmvc4.0.src" value="" />
    <property name="sun.java2d.dpiaware" value="true" />
    <property name="main.class.available" value="true" />
    <property name="libs.jsf20.javadoc" value="G:\PortableApps\NetBeans_portable\netbeans\enterprise\docs\javaee-doc-api.jar" />
    <property name="libs.JAVADB_DRIVER_LABEL.classpath" value="F:\db-derby-10.14.2.0-bin\lib\derby.jar;F:\db-derby-10.14.2.0-bin\lib\derbyclient.jar;F:\db-derby-10.14.2.0-bin\lib\derbynet.jar" />
    <property name="netbeans.importclass" value="org.netbeans.upgrade.AutoUpgrade" />
    <property name="jar.archive.disabled" value="false" />
    <property name="netbeans.autoupdate.version" value="1.23" />
    <property name="empty.dir" value="F:\JAVA_FX\LAB8_KRE17\build\empty" />
    <property name="netbeans.user" value="G:\PortableApps\NetBeans_portable\portable_data\15.0\data" />
    <property name="javac.includes.binary" value="F:\JAVA_FX\LAB8_KRE17\build\test\classes\lab8_kre17\GUIControllerTest.class" />
    <property name="file.separator" value="\" />
    <property name="line.separator" value="&#xd;&#xa;" />
    <property name="javadoc.additionalparam" value="" />
    <property name="jnlp.signed" value="false" />
    <property name="libs.spring-webmvc5.0.classpath" value="G:\PortableApps\NetBeans_portable\netbeans\java\modules\ext\spring-5\spring-webmvc-5.2.9.RELEASE.jar" />
    <property name="javac.debug" value="true" />
    <property name="libs.restlib.maven-pom" value="" />
    <property name="libs.testng.classpath" value="G:\PortableApps\NetBeans_portable\netbeans\platform\modules\ext\testng-6.14.3.jar;G:\PortableApps\NetBeans_portable\netbeans\platform\modules\ext\jcommander-1.78.jar" />
    <property name="libs.jsp-compiler.src" value="" />
    <property name="user.name" value="RUSLAN" />
    <property name="build.classes.dir" value="build/classes" />
    <property name="nb.junit.single" value="false" />
    <property name="javadoc.windowtitle" value="" />
    <property name="nb.internal.action.name" value="run.single" />
    <property name="libs.javaee-api-8.0.maven-pom" value="" />
    <property name="libs.jaxws21.src" value="" />
    <property name="libs.jakartaee-web-api-9.0.javadoc" value="G:\PortableApps\NetBeans_portable\netbeans\enterprise\docs\jakartaee9-doc-api.jar" />
    <property name="jna.loaded" value="true" />
    <property name="libs.JavaFX18.classpath" value="F:\javafx-sdk-18.0.2\lib\javafx-swt.jar;F:\javafx-sdk-18.0.2\lib\javafx.base.jar;F:\javafx-sdk-18.0.2\lib\javafx.controls.jar;F:\javafx-sdk-18.0.2\lib\javafx.fxml.jar;F:\javafx-sdk-18.0.2\lib\javafx.graphics.jar;F:\javafx-sdk-18.0.2\lib\javafx.media.jar;F:\javafx-sdk-18.0.2\lib\javafx.swing.jar;F:\javafx-sdk-18.0.2\lib\javafx.web.jar" />
    <property name="libs.junit_5.maven-pom" value="" />
    <property name="libs.jpa20-persistence.javadoc" value="G:\PortableApps\NetBeans_portable\netbeans\java\modules\ext\docs\jakarta.persistence-2.2.3-doc.zip" />
    <property name="ant.junit.enabletestlistenerevents" value="true" />
    <property name="libs.JWSAntTasks.src" value="" />
    <property name="ant.home" value="G:\PortableApps\NetBeans_portable\netbeans\extide\ant" />
    <property name="libs.spring-webmvc3.0.src" value="" />
    <property name="javac.external.vm" value="true" />
    <property name="debug.test.classpath" value="F:\javafx-sdk-18.0.2\lib\javafx-swt.jar;F:\javafx-sdk-18.0.2\lib\javafx.base.jar;F:\javafx-sdk-18.0.2\lib\javafx.controls.jar;F:\javafx-sdk-18.0.2\lib\javafx.fxml.jar;F:\javafx-sdk-18.0.2\lib\javafx.graphics.jar;F:\javafx-sdk-18.0.2\lib\javafx.media.jar;F:\javafx-sdk-18.0.2\lib\javafx.swing.jar;F:\javafx-sdk-18.0.2\lib\javafx.web.jar:G:\PortableApps\NetBeans_portable\netbeans\platform\modules\ext\junit-4.13.2.jar:build/classes:build/test/classes" />
    <property name="have.tests" value="true" />
    <property name="testng.debug.mode" value="" />
    <property name="javac.target" value="11" />
    <property name="jnlp.signing" value="" />
    <property name="libs.JavaFX18.maven-pom" value="" />
    <property name="ant.version" value="Apache Ant(TM) version 1.10.8 compiled on May 10 2020" />
    <property name="libs.absolutelayout.maven-pom" value="" />
    <property name="java.failonerror" value="true" />
    <property name="ant.file.LAB8_KRE17" value="F:\JAVA_FX\LAB8_KRE17\build.xml" />
    <property name="libs.spring-framework500.src" value="" />
    <property name="javac.modulepath" value="" />
    <property name="user.properties.file" value="G:\PortableApps\NetBeans_portable\portable_data\15.0\data\build.properties" />
    <property name="libs.javaee-api-6.0.src" value="" />
    <property name="javac.includes" value="lab8_kre17/GUIControllerTest.java" />
    <property name="netbeans.autoupdate.country" value="US" />
    <property name="java.class.path" value="F:\javafx-sdk-18.0.2\lib\javafx-swt.jar;F:\javafx-sdk-18.0.2\lib\javafx.base.jar;F:\javafx-sdk-18.0.2\lib\javafx.controls.jar;F:\javafx-sdk-18.0.2\lib\javafx.fxml.jar;F:\javafx-sdk-18.0.2\lib\javafx.graphics.jar;F:\javafx-sdk-18.0.2\lib\javafx.media.jar;F:\javafx-sdk-18.0.2\lib\javafx.swing.jar;F:\javafx-sdk-18.0.2\lib\javafx.web.jar;G:\PortableApps\NetBeans_portable\netbeans\platform\modules\ext\junit-4.13.2.jar;F:\JAVA_FX\LAB8_KRE17\build\classes;F:\JAVA_FX\LAB8_KRE17\build\test\classes;G:\PortableApps\NetBeans_portable\netbeans\extide\ant\lib\ant-launcher.jar;G:\PortableApps\NetBeans_portable\netbeans\extide\ant\lib\ant.jar;G:\PortableApps\NetBeans_portable\netbeans\extide\ant\lib\ant-junit.jar;G:\PortableApps\NetBeans_portable\netbeans\extide\ant\lib\ant-junit4.jar" />
    <property name="libs.javaee-web-api-6.0.maven-pom" value="" />
    <property name="java.vm.vendor" value="Oracle Corporation" />
    <property name="ap.supported.internal" value="true" />
    <property name="user.variant" value="" />
    <property name="netbeans.home+have.tests" value="true" />
    <property name="test.binaryexcludes" value="" />
    <property name="javac.compilerargs" value="" />
    <property name="libs.jstl.maven-pom" value="" />
    <property name="libs.jakartaee-web-api-8.0.src" value="" />
    <property name="sun.cpu.endian" value="little" />
    <property name="libs.jakartaee-api-9.0.src" value="" />
    <property name="libs.junit_4.src" value="G:\PortableApps\NetBeans_portable\netbeans\platform\docs\junit-4.13.2-sources.jar" />
    <property name="user.language" value="en" />
    <property name="copylibs.rebase" value="true" />
    <property name="libs.javaee-web-api-6.0.src" value="" />
    <property name="maven.defaultProjectBuilder.disableGlobalModelCache" value="true" />
    <property name="javadoc.nonavbar" value="false" />
    <property name="libs.javaee-api-8.0.src" value="" />
    <property name="ant.java.version" value="11" />
    <property name="libs.junit_4.classpath" value="G:\PortableApps\NetBeans_portable\netbeans\platform\modules\ext\junit-4.13.2.jar" />
    <property name="libs.jakartaee-api-9.0.javadoc" value="G:\PortableApps\NetBeans_portable\netbeans\enterprise\docs\jakartaee9-doc-api.jar" />
    <property name="jlink.launcher.name" value="LAB8_KRE17" />
    <property name="test.binarytestincludes" value="" />
    <property name="sun.awt.keepWorkingSetOnMinimize" value="true" />
    <property name="libs.junit_4.maven-pom" value="" />
    <property name="libs.spring-webmvc5.0.maven-pom" value="" />
    <property name="runtime.encoding" value="UTF-8" />
    <property name="libs.jsp-compiler.maven-pom" value="" />
    <property name="jlink.additionalmodules" value="" />
    <property name="javac.classpath" value="F:\javafx-sdk-18.0.2\lib\javafx-swt.jar;F:\javafx-sdk-18.0.2\lib\javafx.base.jar;F:\javafx-sdk-18.0.2\lib\javafx.controls.jar;F:\javafx-sdk-18.0.2\lib\javafx.fxml.jar;F:\javafx-sdk-18.0.2\lib\javafx.graphics.jar;F:\javafx-sdk-18.0.2\lib\javafx.media.jar;F:\javafx-sdk-18.0.2\lib\javafx.swing.jar;F:\javafx-sdk-18.0.2\lib\javafx.web.jar:G:\PortableApps\NetBeans_portable\netbeans\platform\modules\ext\junit-4.13.2.jar" />
    <property name="libs.jakartaee-web-api-8.0.classpath" value="G:\PortableApps\NetBeans_portable\netbeans\enterprise\modules\ext\jakarta.jakartaee-web-api-8.0.0.jar" />
    <property name="dist.jlink.dir" value="dist/jlink" />
    <property name="nb.junit.batch" value="true" />
    <property name="libs.JAVADB_DRIVER_LABEL.maven-pom" value="" />
    <property name="build.test.classes.dir" value="build/test/classes" />
    <property name="libs.spring-framework300.maven-pom" value="" />
    <property name="ant.project.invoked-targets" value="test-single" />
    <property name="libs.jstl.classpath" value="G:\PortableApps\NetBeans_portable\netbeans\enterprise\modules\ext\jstl-impl.jar;G:\PortableApps\NetBeans_portable\netbeans\enterprise\modules\ext\jstl-api.jar" />
    <property name="ap.cmd.line.internal" value="" />
    <property name="libs.PostgreSQLDriver.src" value="" />
    <property name="java.vendor.url.bug" value="https://bugreport.java.com/bugreport/" />
    <property name="annotation.processing.source.output" value="build/generated-sources/ap-source-output" />
    <property name="libs.javaee-endorsed-api-6.0.maven-pom" value="" />
    <property name="user.dir" value="F:\JAVA_FX\LAB8_KRE17" />
    <property name="platform.java" value="C:\Program Files\Java\jdk-11.0.16.1/bin/java" />
    <property name="application.args" value="" />
    <property name="org.xml.sax.driver" value="com.sun.org.apache.xerces.internal.jaxp.SAXParserImpl$JAXPSAXParser" />
    <property name="libs.jakartaee-web-api-8.0.maven-pom" value="" />
    <property name="libs.eclipselink.src" value="" />
    <property name="java.vm.version" value="11.0.16.1+1-LTS-1" />
    <property name="manifest.custom.codebase" value="" />
    <property name="libs.metro.javadoc" value="G:\PortableApps\NetBeans_portable\netbeans\enterprise\docs\webservices-api-javadoc.jar;G:\PortableApps\NetBeans_portable\netbeans\enterprise\docs\webservices-extra-javadoc.jar;G:\PortableApps\NetBeans_portable\netbeans\enterprise\docs\webservices-extra-api-javadoc.jar;G:\PortableApps\NetBeans_portable\netbeans\enterprise\docs\webservices-rt-javadoc.jar;G:\PortableApps\NetBeans_portable\netbeans\enterprise\docs\webservices-tools-javadoc.jar" />
    <property name="libs.jakartaee-web-api-9.0.src" value="" />
    <property name="test.class" value="lab8_kre17.GUIControllerTest" />
    <property name="sun.awt.datatransfer.timeout" value="1000" />
    <property name="junit.forkmode" value="perTest" />
    <property name="libs.jsp-compiler.classpath" value="G:\PortableApps\NetBeans_portable\netbeans\enterprise\ant\extra\jspcompile.jar" />
    <property name="libs.jakartaee-api-8.0.src" value="" />
    <property name="annotation.processing.run.all.processors" value="true" />
    <property name="libs.javaee-web-api-7.0.src" value="" />
    <property name="libs.javaee-endorsed-api-6.0.classpath" value="G:\PortableApps\NetBeans_portable\netbeans\enterprise\modules\ext\javaee6-endorsed\javax.annotation.jar;G:\PortableApps\NetBeans_portable\netbeans\enterprise\modules\ext\javaee6-endorsed\jaxb-api-osgi.jar;G:\PortableApps\NetBeans_portable\netbeans\enterprise\modules\ext\javaee6-endorsed\webservices-api-osgi.jar" />
  </properties>
  <testcase classname="lab8_kre17.GUIControllerTest" name="initializationError" time="0.0">
    <error message="org/hamcrest/SelfDescribing" type="java.lang.NoClassDefFoundError">java.lang.NoClassDefFoundError: org/hamcrest/SelfDescribing
	at java.base/java.lang.ClassLoader.defineClass1(Native Method)
	at java.base/java.lang.ClassLoader.defineClass(ClassLoader.java:1016)
	at java.base/java.security.SecureClassLoader.defineClass(SecureClassLoader.java:174)
	at java.base/jdk.internal.loader.BuiltinClassLoader.defineClass(BuiltinClassLoader.java:800)
	at java.base/jdk.internal.loader.BuiltinClassLoader.findClassOnClassPathOrNull(BuiltinClassLoader.java:698)
	at java.base/jdk.internal.loader.BuiltinClassLoader.loadClassOrNull(BuiltinClassLoader.java:621)
	at java.base/jdk.internal.loader.BuiltinClassLoader.loadClass(BuiltinClassLoader.java:579)
	at java.base/jdk.internal.loader.ClassLoaders$AppClassLoader.loadClass(ClassLoaders.java:178)
	at java.base/java.lang.ClassLoader.loadClass(ClassLoader.java:521)
	at java.base/jdk.internal.reflect.NativeConstructorAccessorImpl.newInstance0(Native Method)
	at java.base/jdk.internal.reflect.NativeConstructorAccessorImpl.newInstance(NativeConstructorAccessorImpl.java:62)
	at java.base/jdk.internal.reflect.DelegatingConstructorAccessorImpl.newInstance(DelegatingConstructorAccessorImpl.java:45)
	at java.base/java.lang.reflect.Constructor.newInstance(Constructor.java:490)
Caused by: java.lang.ClassNotFoundException: org.hamcrest.SelfDescribing
	at java.base/jdk.internal.loader.BuiltinClassLoader.loadClass(BuiltinClassLoader.java:581)
	at java.base/jdk.internal.loader.ClassLoaders$AppClassLoader.loadClass(ClassLoaders.java:178)
	at java.base/java.lang.ClassLoader.loadClass(ClassLoader.java:521)
</error>
  </testcase>
  <system-out><![CDATA[]]></system-out>
  <system-err><![CDATA[]]></system-err>
</testsuite>
